<?xml version="1.0" encoding="UTF-8" standalone="no"?>
<testsuite errors="0" failures="0" name="io.cucumber.core.plugin.JUnitFormatter" skipped="0" tests="3" time="46.476">
<testcase classname="To validation Login Application" name="To login with different data" time="19.737">
<system-out><![CDATA[Given Login Page............................................................passed
When Enter valid name "admin"...............................................passed
And Enter valid password "admin123".........................................passed
And Click on Submit button..................................................passed
Then I should see the username as "Welcome Paul"............................passed
]]></system-out>
</testcase>
<testcase classname="To validation Login Application" name="To login with different data 2" time="18.649">
<system-out><![CDATA[Given Login Page............................................................passed
When Enter valid name "admin"...............................................passed
And Enter valid password "admin123".........................................passed
And Click on Submit button..................................................passed
Then I should see the username as "Welcome Paul"............................passed
]]></system-out>
</testcase>
<testcase classname="To validation Login Application" name="To test Login with Invalid credentials" time="7.762">
<system-out><![CDATA[Given Login Page............................................................passed
When Enter Invalid name "sunil".............................................passed
And Enter Invalid password "sunil"..........................................passed
And Click on Submit button..................................................passed
Then I should see Invalid Credential as "Invalid credentials"...............passed
]]></system-out>
</testcase>
</testsuite>
